{"/Users/Nikule4ka/Documents/GitHub/nodejs-homework-node-rest-api/config/passport.js": {"path":"/Users/Nikule4ka/Documents/GitHub/nodejs-homework-node-rest-api/config/passport.js","statementMap":{"0":{"start":{"line":1,"column":17},"end":{"line":1,"column":36}},"1":{"start":{"line":2,"column":46},"end":{"line":2,"column":69}},"2":{"start":{"line":4,"column":0},"end":{"line":4,"column":27}},"3":{"start":{"line":5,"column":19},"end":{"line":5,"column":41}},"4":{"start":{"line":6,"column":14},"end":{"line":6,"column":46}},"5":{"start":{"line":8,"column":13},"end":{"line":8,"column":15}},"6":{"start":{"line":9,"column":0},"end":{"line":9,"column":63}},"7":{"start":{"line":10,"column":0},"end":{"line":10,"column":30}},"8":{"start":{"line":12,"column":0},"end":{"line":29,"column":2}},"9":{"start":{"line":15,"column":4},"end":{"line":27,"column":5}},"10":{"start":{"line":16,"column":19},"end":{"line":16,"column":51}},"11":{"start":{"line":18,"column":6},"end":{"line":20,"column":7}},"12":{"start":{"line":19,"column":8},"end":{"line":19,"column":49}},"13":{"start":{"line":21,"column":6},"end":{"line":23,"column":7}},"14":{"start":{"line":22,"column":8},"end":{"line":22,"column":33}},"15":{"start":{"line":24,"column":6},"end":{"line":24,"column":30}},"16":{"start":{"line":26,"column":6},"end":{"line":26,"column":30}}},"fnMap":{"0":{"name":"(anonymous_0)","decl":{"start":{"line":13,"column":24},"end":{"line":13,"column":25}},"loc":{"start":{"line":13,"column":49},"end":{"line":28,"column":3}},"line":13}},"branchMap":{"0":{"loc":{"start":{"line":18,"column":6},"end":{"line":20,"column":7}},"type":"if","locations":[{"start":{"line":18,"column":6},"end":{"line":20,"column":7}},{"start":{"line":18,"column":6},"end":{"line":20,"column":7}}],"line":18},"1":{"loc":{"start":{"line":21,"column":6},"end":{"line":23,"column":7}},"type":"if","locations":[{"start":{"line":21,"column":6},"end":{"line":23,"column":7}},{"start":{"line":21,"column":6},"end":{"line":23,"column":7}}],"line":21}},"s":{"0":1,"1":1,"2":1,"3":1,"4":1,"5":1,"6":1,"7":1,"8":1,"9":0,"10":0,"11":0,"12":0,"13":0,"14":0,"15":0,"16":0},"f":{"0":0},"b":{"0":[0,0],"1":[0,0]},"_coverageSchema":"1a1c01bbd47fc00a2c39e90264f33305004495a9","hash":"a0c91fdcef97d8e81e0cf5c5aee963a7ac12694b"}
,"/Users/Nikule4ka/Documents/GitHub/nodejs-homework-node-rest-api/controllers/contacts.js": {"path":"/Users/Nikule4ka/Documents/GitHub/nodejs-homework-node-rest-api/controllers/contacts.js","statementMap":{"0":{"start":{"line":1,"column":17},"end":{"line":1,"column":52}},"1":{"start":{"line":2,"column":21},"end":{"line":2,"column":51}},"2":{"start":{"line":4,"column":15},"end":{"line":19,"column":1}},"3":{"start":{"line":5,"column":2},"end":{"line":18,"column":3}},"4":{"start":{"line":6,"column":19},"end":{"line":6,"column":30}},"5":{"start":{"line":7,"column":40},"end":{"line":10,"column":5}},"6":{"start":{"line":11,"column":4},"end":{"line":15,"column":7}},"7":{"start":{"line":17,"column":4},"end":{"line":17,"column":12}},"8":{"start":{"line":21,"column":23},"end":{"line":40,"column":1}},"9":{"start":{"line":22,"column":2},"end":{"line":39,"column":3}},"10":{"start":{"line":23,"column":20},"end":{"line":23,"column":31}},"11":{"start":{"line":24,"column":21},"end":{"line":27,"column":6}},"12":{"start":{"line":28,"column":4},"end":{"line":31,"column":5}},"13":{"start":{"line":29,"column":6},"end":{"line":29,"column":26}},"14":{"start":{"line":30,"column":6},"end":{"line":30,"column":74}},"15":{"start":{"line":32,"column":4},"end":{"line":36,"column":6}},"16":{"start":{"line":38,"column":4},"end":{"line":38,"column":11}},"17":{"start":{"line":42,"column":19},"end":{"line":52,"column":1}},"18":{"start":{"line":43,"column":2},"end":{"line":51,"column":3}},"19":{"start":{"line":44,"column":19},"end":{"line":44,"column":30}},"20":{"start":{"line":45,"column":21},"end":{"line":45,"column":64}},"21":{"start":{"line":46,"column":4},"end":{"line":48,"column":66}},"22":{"start":{"line":50,"column":4},"end":{"line":50,"column":11}},"23":{"start":{"line":54,"column":22},"end":{"line":74,"column":1}},"24":{"start":{"line":55,"column":2},"end":{"line":73,"column":3}},"25":{"start":{"line":56,"column":19},"end":{"line":56,"column":30}},"26":{"start":{"line":57,"column":20},"end":{"line":57,"column":78}},"27":{"start":{"line":58,"column":4},"end":{"line":65,"column":5}},"28":{"start":{"line":59,"column":6},"end":{"line":64,"column":8}},"29":{"start":{"line":66,"column":4},"end":{"line":70,"column":6}},"30":{"start":{"line":72,"column":4},"end":{"line":72,"column":11}},"31":{"start":{"line":76,"column":22},"end":{"line":100,"column":1}},"32":{"start":{"line":77,"column":2},"end":{"line":99,"column":3}},"33":{"start":{"line":78,"column":19},"end":{"line":78,"column":30}},"34":{"start":{"line":79,"column":30},"end":{"line":83,"column":5}},"35":{"start":{"line":84,"column":4},"end":{"line":91,"column":5}},"36":{"start":{"line":85,"column":6},"end":{"line":90,"column":8}},"37":{"start":{"line":92,"column":4},"end":{"line":96,"column":6}},"38":{"start":{"line":98,"column":4},"end":{"line":98,"column":11}},"39":{"start":{"line":102,"column":28},"end":{"line":126,"column":1}},"40":{"start":{"line":103,"column":2},"end":{"line":125,"column":3}},"41":{"start":{"line":104,"column":19},"end":{"line":104,"column":30}},"42":{"start":{"line":105,"column":26},"end":{"line":109,"column":5}},"43":{"start":{"line":110,"column":4},"end":{"line":117,"column":5}},"44":{"start":{"line":111,"column":6},"end":{"line":116,"column":8}},"45":{"start":{"line":118,"column":4},"end":{"line":122,"column":6}},"46":{"start":{"line":124,"column":4},"end":{"line":124,"column":11}},"47":{"start":{"line":128,"column":0},"end":{"line":135,"column":1}}},"fnMap":{"0":{"name":"(anonymous_0)","decl":{"start":{"line":4,"column":15},"end":{"line":4,"column":16}},"loc":{"start":{"line":4,"column":41},"end":{"line":19,"column":1}},"line":4},"1":{"name":"(anonymous_1)","decl":{"start":{"line":21,"column":23},"end":{"line":21,"column":24}},"loc":{"start":{"line":21,"column":49},"end":{"line":40,"column":1}},"line":21},"2":{"name":"(anonymous_2)","decl":{"start":{"line":42,"column":19},"end":{"line":42,"column":20}},"loc":{"start":{"line":42,"column":45},"end":{"line":52,"column":1}},"line":42},"3":{"name":"(anonymous_3)","decl":{"start":{"line":54,"column":22},"end":{"line":54,"column":23}},"loc":{"start":{"line":54,"column":48},"end":{"line":74,"column":1}},"line":54},"4":{"name":"(anonymous_4)","decl":{"start":{"line":76,"column":22},"end":{"line":76,"column":23}},"loc":{"start":{"line":76,"column":48},"end":{"line":100,"column":1}},"line":76},"5":{"name":"(anonymous_5)","decl":{"start":{"line":102,"column":28},"end":{"line":102,"column":29}},"loc":{"start":{"line":102,"column":54},"end":{"line":126,"column":1}},"line":102}},"branchMap":{"0":{"loc":{"start":{"line":28,"column":4},"end":{"line":31,"column":5}},"type":"if","locations":[{"start":{"line":28,"column":4},"end":{"line":31,"column":5}},{"start":{"line":28,"column":4},"end":{"line":31,"column":5}}],"line":28},"1":{"loc":{"start":{"line":58,"column":4},"end":{"line":65,"column":5}},"type":"if","locations":[{"start":{"line":58,"column":4},"end":{"line":65,"column":5}},{"start":{"line":58,"column":4},"end":{"line":65,"column":5}}],"line":58},"2":{"loc":{"start":{"line":84,"column":4},"end":{"line":91,"column":5}},"type":"if","locations":[{"start":{"line":84,"column":4},"end":{"line":91,"column":5}},{"start":{"line":84,"column":4},"end":{"line":91,"column":5}}],"line":84},"3":{"loc":{"start":{"line":110,"column":4},"end":{"line":117,"column":5}},"type":"if","locations":[{"start":{"line":110,"column":4},"end":{"line":117,"column":5}},{"start":{"line":110,"column":4},"end":{"line":117,"column":5}}],"line":110}},"s":{"0":1,"1":1,"2":1,"3":0,"4":0,"5":0,"6":0,"7":0,"8":1,"9":0,"10":0,"11":0,"12":0,"13":0,"14":0,"15":0,"16":0,"17":1,"18":0,"19":0,"20":0,"21":0,"22":0,"23":1,"24":0,"25":0,"26":0,"27":0,"28":0,"29":0,"30":0,"31":1,"32":3,"33":3,"34":3,"35":2,"36":1,"37":1,"38":1,"39":1,"40":0,"41":0,"42":0,"43":0,"44":0,"45":0,"46":0,"47":1},"f":{"0":0,"1":0,"2":0,"3":0,"4":3,"5":0},"b":{"0":[0,0],"1":[0,0],"2":[1,1],"3":[0,0]},"_coverageSchema":"1a1c01bbd47fc00a2c39e90264f33305004495a9","hash":"e2bc6d133b64c63baadbf8716960cde4cf312674"}
,"/Users/Nikule4ka/Documents/GitHub/nodejs-homework-node-rest-api/helpers/constans.js": {"path":"/Users/Nikule4ka/Documents/GitHub/nodejs-homework-node-rest-api/helpers/constans.js","statementMap":{"0":{"start":{"line":1,"column":21},"end":{"line":5,"column":1}},"1":{"start":{"line":7,"column":17},"end":{"line":18,"column":1}},"2":{"start":{"line":20,"column":19},"end":{"line":30,"column":1}},"3":{"start":{"line":24,"column":4},"end":{"line":28,"column":7}},"4":{"start":{"line":32,"column":0},"end":{"line":32,"column":56}}},"fnMap":{"0":{"name":"(anonymous_0)","decl":{"start":{"line":23,"column":11},"end":{"line":23,"column":12}},"loc":{"start":{"line":23,"column":31},"end":{"line":29,"column":3}},"line":23}},"branchMap":{},"s":{"0":2,"1":2,"2":2,"3":0,"4":2},"f":{"0":0},"b":{},"_coverageSchema":"1a1c01bbd47fc00a2c39e90264f33305004495a9","hash":"333e001f2a6ee49cc11c644eb6a2086f20f7e815"}
,"/Users/Nikule4ka/Documents/GitHub/nodejs-homework-node-rest-api/helpers/guard.js": {"path":"/Users/Nikule4ka/Documents/GitHub/nodejs-homework-node-rest-api/helpers/guard.js","statementMap":{"0":{"start":{"line":1,"column":17},"end":{"line":1,"column":36}},"1":{"start":{"line":2,"column":0},"end":{"line":2,"column":30}},"2":{"start":{"line":3,"column":21},"end":{"line":3,"column":42}},"3":{"start":{"line":5,"column":14},"end":{"line":24,"column":1}},"4":{"start":{"line":6,"column":2},"end":{"line":23,"column":21}},"5":{"start":{"line":7,"column":23},"end":{"line":7,"column":47}},"6":{"start":{"line":8,"column":16},"end":{"line":8,"column":20}},"7":{"start":{"line":9,"column":4},"end":{"line":11,"column":5}},"8":{"start":{"line":10,"column":6},"end":{"line":10,"column":39}},"9":{"start":{"line":13,"column":4},"end":{"line":19,"column":5}},"10":{"start":{"line":14,"column":6},"end":{"line":18,"column":9}},"11":{"start":{"line":21,"column":4},"end":{"line":21,"column":20}},"12":{"start":{"line":22,"column":4},"end":{"line":22,"column":18}},"13":{"start":{"line":26,"column":0},"end":{"line":26,"column":23}}},"fnMap":{"0":{"name":"(anonymous_0)","decl":{"start":{"line":5,"column":14},"end":{"line":5,"column":15}},"loc":{"start":{"line":5,"column":34},"end":{"line":24,"column":1}},"line":5},"1":{"name":"(anonymous_1)","decl":{"start":{"line":6,"column":51},"end":{"line":6,"column":52}},"loc":{"start":{"line":6,"column":66},"end":{"line":23,"column":3}},"line":6}},"branchMap":{"0":{"loc":{"start":{"line":9,"column":4},"end":{"line":11,"column":5}},"type":"if","locations":[{"start":{"line":9,"column":4},"end":{"line":11,"column":5}},{"start":{"line":9,"column":4},"end":{"line":11,"column":5}}],"line":9},"1":{"loc":{"start":{"line":13,"column":4},"end":{"line":19,"column":5}},"type":"if","locations":[{"start":{"line":13,"column":4},"end":{"line":19,"column":5}},{"start":{"line":13,"column":4},"end":{"line":19,"column":5}}],"line":13},"2":{"loc":{"start":{"line":13,"column":8},"end":{"line":13,"column":45}},"type":"binary-expr","locations":[{"start":{"line":13,"column":8},"end":{"line":13,"column":11}},{"start":{"line":13,"column":15},"end":{"line":13,"column":20}},{"start":{"line":13,"column":24},"end":{"line":13,"column":45}}],"line":13}},"s":{"0":1,"1":1,"2":1,"3":1,"4":3,"5":3,"6":3,"7":3,"8":3,"9":3,"10":2,"11":1,"12":1,"13":1},"f":{"0":3,"1":3},"b":{"0":[3,0],"1":[2,1],"2":[3,3,2]},"_coverageSchema":"1a1c01bbd47fc00a2c39e90264f33305004495a9","hash":"a4c6b9bd0fa99ab2bacd1d3b83f12625b71c3d27"}
,"/Users/Nikule4ka/Documents/GitHub/nodejs-homework-node-rest-api/model/contact.js": {"path":"/Users/Nikule4ka/Documents/GitHub/nodejs-homework-node-rest-api/model/contact.js","statementMap":{"0":{"start":{"line":1,"column":39},"end":{"line":1,"column":58}},"1":{"start":{"line":2,"column":25},"end":{"line":2,"column":56}},"2":{"start":{"line":4,"column":22},"end":{"line":37,"column":1}},"3":{"start":{"line":31,"column":8},"end":{"line":31,"column":23}},"4":{"start":{"line":32,"column":8},"end":{"line":32,"column":19}},"5":{"start":{"line":39,"column":0},"end":{"line":41,"column":3}},"6":{"start":{"line":40,"column":2},"end":{"line":40,"column":59}},"7":{"start":{"line":44,"column":0},"end":{"line":44,"column":39}},"8":{"start":{"line":45,"column":16},"end":{"line":45,"column":47}},"9":{"start":{"line":47,"column":0},"end":{"line":47,"column":25}}},"fnMap":{"0":{"name":"(anonymous_0)","decl":{"start":{"line":30,"column":17},"end":{"line":30,"column":18}},"loc":{"start":{"line":30,"column":37},"end":{"line":33,"column":7}},"line":30},"1":{"name":"(anonymous_1)","decl":{"start":{"line":39,"column":34},"end":{"line":39,"column":35}},"loc":{"start":{"line":39,"column":46},"end":{"line":41,"column":1}},"line":39}},"branchMap":{},"s":{"0":1,"1":1,"2":1,"3":0,"4":0,"5":1,"6":0,"7":1,"8":1,"9":1},"f":{"0":0,"1":0},"b":{},"_coverageSchema":"1a1c01bbd47fc00a2c39e90264f33305004495a9","hash":"42713863ab6d945671de3a2568eea0afd25b3e39"}
,"/Users/Nikule4ka/Documents/GitHub/nodejs-homework-node-rest-api/model/user.js": {"path":"/Users/Nikule4ka/Documents/GitHub/nodejs-homework-node-rest-api/model/user.js","statementMap":{"0":{"start":{"line":1,"column":26},"end":{"line":1,"column":45}},"1":{"start":{"line":2,"column":11},"end":{"line":2,"column":30}},"2":{"start":{"line":3,"column":25},"end":{"line":3,"column":55}},"3":{"start":{"line":4,"column":15},"end":{"line":4,"column":34}},"4":{"start":{"line":5,"column":25},"end":{"line":5,"column":26}},"5":{"start":{"line":7,"column":19},"end":{"line":39,"column":1}},"6":{"start":{"line":31,"column":8},"end":{"line":31,"column":54}},"7":{"start":{"line":41,"column":0},"end":{"line":47,"column":3}},"8":{"start":{"line":42,"column":2},"end":{"line":45,"column":3}},"9":{"start":{"line":43,"column":17},"end":{"line":43,"column":55}},"10":{"start":{"line":44,"column":4},"end":{"line":44,"column":59}},"11":{"start":{"line":46,"column":2},"end":{"line":46,"column":9}},"12":{"start":{"line":49,"column":0},"end":{"line":51,"column":2}},"13":{"start":{"line":50,"column":2},"end":{"line":50,"column":55}},"14":{"start":{"line":53,"column":13},"end":{"line":53,"column":38}},"15":{"start":{"line":55,"column":0},"end":{"line":55,"column":22}}},"fnMap":{"0":{"name":"(anonymous_0)","decl":{"start":{"line":30,"column":15},"end":{"line":30,"column":16}},"loc":{"start":{"line":30,"column":27},"end":{"line":32,"column":7}},"line":30},"1":{"name":"(anonymous_1)","decl":{"start":{"line":41,"column":23},"end":{"line":41,"column":24}},"loc":{"start":{"line":41,"column":45},"end":{"line":47,"column":1}},"line":41},"2":{"name":"(anonymous_2)","decl":{"start":{"line":49,"column":37},"end":{"line":49,"column":38}},"loc":{"start":{"line":49,"column":63},"end":{"line":51,"column":1}},"line":49}},"branchMap":{"0":{"loc":{"start":{"line":42,"column":2},"end":{"line":45,"column":3}},"type":"if","locations":[{"start":{"line":42,"column":2},"end":{"line":45,"column":3}},{"start":{"line":42,"column":2},"end":{"line":45,"column":3}}],"line":42}},"s":{"0":1,"1":1,"2":1,"3":1,"4":1,"5":1,"6":0,"7":1,"8":0,"9":0,"10":0,"11":0,"12":1,"13":0,"14":1,"15":1},"f":{"0":0,"1":0,"2":0},"b":{"0":[0,0]},"_coverageSchema":"1a1c01bbd47fc00a2c39e90264f33305004495a9","hash":"9594ccef6a254062249ba9046ca53bdd89378498"}
,"/Users/Nikule4ka/Documents/GitHub/nodejs-homework-node-rest-api/repositories/contacts.js": {"path":"/Users/Nikule4ka/Documents/GitHub/nodejs-homework-node-rest-api/repositories/contacts.js","statementMap":{"0":{"start":{"line":1,"column":16},"end":{"line":1,"column":43}},"1":{"start":{"line":3,"column":21},"end":{"line":28,"column":1}},"2":{"start":{"line":11,"column":6},"end":{"line":11,"column":11}},"3":{"start":{"line":13,"column":24},"end":{"line":13,"column":41}},"4":{"start":{"line":14,"column":2},"end":{"line":16,"column":3}},"5":{"start":{"line":15,"column":4},"end":{"line":15,"column":34}},"6":{"start":{"line":17,"column":18},"end":{"line":26,"column":4}},"7":{"start":{"line":27,"column":2},"end":{"line":27,"column":17}},"8":{"start":{"line":30,"column":23},"end":{"line":39,"column":1}},"9":{"start":{"line":31,"column":17},"end":{"line":37,"column":4}},"10":{"start":{"line":38,"column":2},"end":{"line":38,"column":16}},"11":{"start":{"line":41,"column":22},"end":{"line":47,"column":1}},"12":{"start":{"line":42,"column":17},"end":{"line":45,"column":4}},"13":{"start":{"line":46,"column":2},"end":{"line":46,"column":16}},"14":{"start":{"line":49,"column":19},"end":{"line":53,"column":1}},"15":{"start":{"line":50,"column":17},"end":{"line":50,"column":65}},"16":{"start":{"line":52,"column":2},"end":{"line":52,"column":16}},"17":{"start":{"line":55,"column":22},"end":{"line":62,"column":1}},"18":{"start":{"line":56,"column":17},"end":{"line":60,"column":3}},"19":{"start":{"line":61,"column":2},"end":{"line":61,"column":16}},"20":{"start":{"line":64,"column":28},"end":{"line":71,"column":1}},"21":{"start":{"line":65,"column":17},"end":{"line":69,"column":3}},"22":{"start":{"line":70,"column":2},"end":{"line":70,"column":16}},"23":{"start":{"line":73,"column":0},"end":{"line":80,"column":1}}},"fnMap":{"0":{"name":"(anonymous_0)","decl":{"start":{"line":3,"column":21},"end":{"line":3,"column":22}},"loc":{"start":{"line":3,"column":46},"end":{"line":28,"column":1}},"line":3},"1":{"name":"(anonymous_1)","decl":{"start":{"line":30,"column":23},"end":{"line":30,"column":24}},"loc":{"start":{"line":30,"column":52},"end":{"line":39,"column":1}},"line":30},"2":{"name":"(anonymous_2)","decl":{"start":{"line":41,"column":22},"end":{"line":41,"column":23}},"loc":{"start":{"line":41,"column":51},"end":{"line":47,"column":1}},"line":41},"3":{"name":"(anonymous_3)","decl":{"start":{"line":49,"column":19},"end":{"line":49,"column":20}},"loc":{"start":{"line":49,"column":43},"end":{"line":53,"column":1}},"line":49},"4":{"name":"(anonymous_4)","decl":{"start":{"line":55,"column":22},"end":{"line":55,"column":23}},"loc":{"start":{"line":55,"column":57},"end":{"line":62,"column":1}},"line":55},"5":{"name":"(anonymous_5)","decl":{"start":{"line":64,"column":28},"end":{"line":64,"column":29}},"loc":{"start":{"line":64,"column":63},"end":{"line":71,"column":1}},"line":64}},"branchMap":{"0":{"loc":{"start":{"line":8,"column":4},"end":{"line":8,"column":20}},"type":"default-arg","locations":[{"start":{"line":8,"column":16},"end":{"line":8,"column":20}}],"line":8},"1":{"loc":{"start":{"line":9,"column":4},"end":{"line":9,"column":13}},"type":"default-arg","locations":[{"start":{"line":9,"column":12},"end":{"line":9,"column":13}}],"line":9},"2":{"loc":{"start":{"line":10,"column":4},"end":{"line":10,"column":14}},"type":"default-arg","locations":[{"start":{"line":10,"column":13},"end":{"line":10,"column":14}}],"line":10},"3":{"loc":{"start":{"line":14,"column":2},"end":{"line":16,"column":3}},"type":"if","locations":[{"start":{"line":14,"column":2},"end":{"line":16,"column":3}},{"start":{"line":14,"column":2},"end":{"line":16,"column":3}}],"line":14},"4":{"loc":{"start":{"line":21,"column":10},"end":{"line":21,"column":44}},"type":"cond-expr","locations":[{"start":{"line":21,"column":19},"end":{"line":21,"column":39}},{"start":{"line":21,"column":42},"end":{"line":21,"column":44}}],"line":21},"5":{"loc":{"start":{"line":22,"column":10},"end":{"line":22,"column":53}},"type":"cond-expr","locations":[{"start":{"line":22,"column":23},"end":{"line":22,"column":48}},{"start":{"line":22,"column":51},"end":{"line":22,"column":53}}],"line":22},"6":{"loc":{"start":{"line":24,"column":12},"end":{"line":24,"column":52}},"type":"cond-expr","locations":[{"start":{"line":24,"column":21},"end":{"line":24,"column":47}},{"start":{"line":24,"column":50},"end":{"line":24,"column":52}}],"line":24}},"s":{"0":1,"1":1,"2":0,"3":0,"4":0,"5":0,"6":0,"7":0,"8":1,"9":0,"10":0,"11":1,"12":0,"13":0,"14":1,"15":0,"16":0,"17":1,"18":0,"19":0,"20":1,"21":0,"22":0,"23":1},"f":{"0":0,"1":0,"2":0,"3":0,"4":0,"5":0},"b":{"0":[0],"1":[0],"2":[0],"3":[0,0],"4":[0,0],"5":[0,0],"6":[0,0]},"_coverageSchema":"1a1c01bbd47fc00a2c39e90264f33305004495a9","hash":"5e5f448c744516f7443abe6acd1903494eaaa102"}
,"/Users/Nikule4ka/Documents/GitHub/nodejs-homework-node-rest-api/repositories/users.js": {"path":"/Users/Nikule4ka/Documents/GitHub/nodejs-homework-node-rest-api/repositories/users.js","statementMap":{"0":{"start":{"line":1,"column":13},"end":{"line":1,"column":37}},"1":{"start":{"line":3,"column":17},"end":{"line":5,"column":1}},"2":{"start":{"line":4,"column":2},"end":{"line":4,"column":33}},"3":{"start":{"line":7,"column":20},"end":{"line":9,"column":1}},"4":{"start":{"line":8,"column":2},"end":{"line":8,"column":39}},"5":{"start":{"line":11,"column":15},"end":{"line":14,"column":1}},"6":{"start":{"line":12,"column":15},"end":{"line":12,"column":29}},"7":{"start":{"line":13,"column":2},"end":{"line":13,"column":27}},"8":{"start":{"line":16,"column":20},"end":{"line":18,"column":1}},"9":{"start":{"line":17,"column":2},"end":{"line":17,"column":54}},"10":{"start":{"line":20,"column":23},"end":{"line":23,"column":1}},"11":{"start":{"line":21,"column":40},"end":{"line":21,"column":71}},"12":{"start":{"line":22,"column":2},"end":{"line":22,"column":39}},"13":{"start":{"line":25,"column":34},"end":{"line":27,"column":1}},"14":{"start":{"line":26,"column":2},"end":{"line":26,"column":78}},"15":{"start":{"line":29,"column":21},"end":{"line":31,"column":1}},"16":{"start":{"line":30,"column":2},"end":{"line":30,"column":54}},"17":{"start":{"line":35,"column":0},"end":{"line":43,"column":1}}},"fnMap":{"0":{"name":"(anonymous_0)","decl":{"start":{"line":3,"column":17},"end":{"line":3,"column":18}},"loc":{"start":{"line":3,"column":31},"end":{"line":5,"column":1}},"line":3},"1":{"name":"(anonymous_1)","decl":{"start":{"line":7,"column":20},"end":{"line":7,"column":21}},"loc":{"start":{"line":7,"column":37},"end":{"line":9,"column":1}},"line":7},"2":{"name":"(anonymous_2)","decl":{"start":{"line":11,"column":15},"end":{"line":11,"column":16}},"loc":{"start":{"line":11,"column":31},"end":{"line":14,"column":1}},"line":11},"3":{"name":"(anonymous_3)","decl":{"start":{"line":16,"column":20},"end":{"line":16,"column":21}},"loc":{"start":{"line":16,"column":41},"end":{"line":18,"column":1}},"line":16},"4":{"name":"(anonymous_4)","decl":{"start":{"line":20,"column":23},"end":{"line":20,"column":24}},"loc":{"start":{"line":20,"column":37},"end":{"line":23,"column":1}},"line":20},"5":{"name":"(anonymous_5)","decl":{"start":{"line":25,"column":34},"end":{"line":25,"column":35}},"loc":{"start":{"line":25,"column":54},"end":{"line":27,"column":1}},"line":25},"6":{"name":"(anonymous_6)","decl":{"start":{"line":29,"column":21},"end":{"line":29,"column":22}},"loc":{"start":{"line":29,"column":43},"end":{"line":31,"column":1}},"line":29}},"branchMap":{},"s":{"0":1,"1":1,"2":0,"3":1,"4":0,"5":1,"6":0,"7":0,"8":1,"9":0,"10":1,"11":0,"12":0,"13":1,"14":0,"15":1,"16":0,"17":1},"f":{"0":0,"1":0,"2":0,"3":0,"4":0,"5":0,"6":0},"b":{},"_coverageSchema":"1a1c01bbd47fc00a2c39e90264f33305004495a9","hash":"b88d56f9cee00af9591884bbb375745ee79fc8a1"}
}
