TN:
SF:config/passport.js
FN:13,(anonymous_0)
FNF:1
FNH:0
FNDA:0,(anonymous_0)
DA:1,1
DA:2,1
DA:4,1
DA:5,1
DA:6,1
DA:8,1
DA:9,1
DA:10,1
DA:12,1
DA:15,0
DA:16,0
DA:18,0
DA:19,0
DA:21,0
DA:22,0
DA:24,0
DA:26,0
LF:17
LH:9
BRDA:18,0,0,0
BRDA:18,0,1,0
BRDA:21,1,0,0
BRDA:21,1,1,0
BRF:4
BRH:0
end_of_record
TN:
SF:controllers/contacts.js
FN:4,(anonymous_0)
FN:21,(anonymous_1)
FN:42,(anonymous_2)
FN:54,(anonymous_3)
FN:76,(anonymous_4)
FN:102,(anonymous_5)
FNF:6
FNH:1
FNDA:0,(anonymous_0)
FNDA:0,(anonymous_1)
FNDA:0,(anonymous_2)
FNDA:0,(anonymous_3)
FNDA:3,(anonymous_4)
FNDA:0,(anonymous_5)
DA:1,1
DA:2,1
DA:4,1
DA:5,0
DA:6,0
DA:7,0
DA:11,0
DA:17,0
DA:21,1
DA:22,0
DA:23,0
DA:24,0
DA:28,0
DA:29,0
DA:30,0
DA:32,0
DA:38,0
DA:42,1
DA:43,0
DA:44,0
DA:45,0
DA:46,0
DA:50,0
DA:54,1
DA:55,0
DA:56,0
DA:57,0
DA:58,0
DA:59,0
DA:66,0
DA:72,0
DA:76,1
DA:77,3
DA:78,3
DA:79,3
DA:84,2
DA:85,1
DA:92,1
DA:98,1
DA:102,1
DA:103,0
DA:104,0
DA:105,0
DA:110,0
DA:111,0
DA:118,0
DA:124,0
DA:128,1
LF:48
LH:16
BRDA:28,0,0,0
BRDA:28,0,1,0
BRDA:58,1,0,0
BRDA:58,1,1,0
BRDA:84,2,0,1
BRDA:84,2,1,1
BRDA:110,3,0,0
BRDA:110,3,1,0
BRF:8
BRH:2
end_of_record
TN:
SF:helpers/constans.js
FN:23,(anonymous_0)
FNF:1
FNH:0
FNDA:0,(anonymous_0)
DA:1,2
DA:7,2
DA:20,2
DA:24,0
DA:32,2
LF:5
LH:4
BRF:0
BRH:0
end_of_record
TN:
SF:helpers/guard.js
FN:5,(anonymous_0)
FN:6,(anonymous_1)
FNF:2
FNH:2
FNDA:3,(anonymous_0)
FNDA:3,(anonymous_1)
DA:1,1
DA:2,1
DA:3,1
DA:5,1
DA:6,3
DA:7,3
DA:8,3
DA:9,3
DA:10,3
DA:13,3
DA:14,2
DA:21,1
DA:22,1
DA:26,1
LF:14
LH:14
BRDA:9,0,0,3
BRDA:9,0,1,0
BRDA:13,1,0,2
BRDA:13,1,1,1
BRDA:13,2,0,3
BRDA:13,2,1,3
BRDA:13,2,2,2
BRF:7
BRH:6
end_of_record
TN:
SF:model/contact.js
FN:30,(anonymous_0)
FN:39,(anonymous_1)
FNF:2
FNH:0
FNDA:0,(anonymous_0)
FNDA:0,(anonymous_1)
DA:1,1
DA:2,1
DA:4,1
DA:31,0
DA:32,0
DA:39,1
DA:40,0
DA:44,1
DA:45,1
DA:47,1
LF:10
LH:7
BRF:0
BRH:0
end_of_record
TN:
SF:model/user.js
FN:30,(anonymous_0)
FN:41,(anonymous_1)
FN:49,(anonymous_2)
FNF:3
FNH:0
FNDA:0,(anonymous_0)
FNDA:0,(anonymous_1)
FNDA:0,(anonymous_2)
DA:1,1
DA:2,1
DA:3,1
DA:4,1
DA:5,1
DA:7,1
DA:31,0
DA:41,1
DA:42,0
DA:43,0
DA:44,0
DA:46,0
DA:49,1
DA:50,0
DA:53,1
DA:55,1
LF:16
LH:10
BRDA:42,0,0,0
BRDA:42,0,1,0
BRF:2
BRH:0
end_of_record
TN:
SF:repositories/contacts.js
FN:3,(anonymous_0)
FN:30,(anonymous_1)
FN:41,(anonymous_2)
FN:49,(anonymous_3)
FN:55,(anonymous_4)
FN:64,(anonymous_5)
FNF:6
FNH:0
FNDA:0,(anonymous_0)
FNDA:0,(anonymous_1)
FNDA:0,(anonymous_2)
FNDA:0,(anonymous_3)
FNDA:0,(anonymous_4)
FNDA:0,(anonymous_5)
DA:1,1
DA:3,1
DA:11,0
DA:13,0
DA:14,0
DA:15,0
DA:17,0
DA:27,0
DA:30,1
DA:31,0
DA:38,0
DA:41,1
DA:42,0
DA:46,0
DA:49,1
DA:50,0
DA:52,0
DA:55,1
DA:56,0
DA:61,0
DA:64,1
DA:65,0
DA:70,0
DA:73,1
LF:24
LH:8
BRDA:8,0,0,0
BRDA:9,1,0,0
BRDA:10,2,0,0
BRDA:14,3,0,0
BRDA:14,3,1,0
BRDA:21,4,0,0
BRDA:21,4,1,0
BRDA:22,5,0,0
BRDA:22,5,1,0
BRDA:24,6,0,0
BRDA:24,6,1,0
BRF:11
BRH:0
end_of_record
TN:
SF:repositories/users.js
FN:3,(anonymous_0)
FN:7,(anonymous_1)
FN:11,(anonymous_2)
FN:16,(anonymous_3)
FN:20,(anonymous_4)
FN:25,(anonymous_5)
FN:29,(anonymous_6)
FNF:7
FNH:0
FNDA:0,(anonymous_0)
FNDA:0,(anonymous_1)
FNDA:0,(anonymous_2)
FNDA:0,(anonymous_3)
FNDA:0,(anonymous_4)
FNDA:0,(anonymous_5)
FNDA:0,(anonymous_6)
DA:1,1
DA:3,1
DA:4,0
DA:7,1
DA:8,0
DA:11,1
DA:12,0
DA:13,0
DA:16,1
DA:17,0
DA:20,1
DA:21,0
DA:22,0
DA:25,1
DA:26,0
DA:29,1
DA:30,0
DA:35,1
LF:18
LH:9
BRF:0
BRH:0
end_of_record
